<?xml version="1.0" encoding="UTF-8"?>
<!-- Generated by org.testng.reporters.JUnitXMLReporter -->
<testsuite ignored="0" hostname="DESKTOP-62FBVJ9" failures="1" tests="3" name="Testname" time="0.086" errors="0" timestamp="2025-02-17T18:08:11 IST">
  <testcase classname="testing.simplePrint" name="add" time="0.009"/>
  <testcase classname="testing.testAnnotation" name="TC2" time="0.002"/>
  <testcase classname="testing.testAnnotation" name="TC1" time="0.006">
    <failure type="java.lang.AssertionError" message="null">
      <![CDATA[java.lang.AssertionError: null
at testing.testAnnotation.TC1(testAnnotation.java:40)
at java.base/java.util.ArrayList.forEach(ArrayList.java:1511)
... Removed 29 stack frames]]>
    </failure>
  </testcase> <!-- TC1 -->
</testsuite> <!-- Testname -->
